<?xml version="1.0" encoding="UTF-8"?>
<!-- Generated by org.testng.reporters.JUnitReportReporter -->
<testsuite hostname="LAPTOP-SG9OBQ6K" failures="0" tests="3" name="testService.OdontologoServiceTest" time="0.561" errors="1" timestamp="2022-06-03T15:27:23 COT" skipped="0">
  <testcase classname="testService.OdontologoServiceTest" name="eliminarPorId" time="0.509"/>
  <system-out/>
  <testcase classname="testService.OdontologoServiceTest" name="traerTodos" time="0.050">
    <error message="org.h2.jdbc.JdbcSQLNonTransientException: IO Exception: &quot;java.nio.file.NoSuchFileException: create.sql&quot;; &quot;create.sql&quot;
IO Exception: &quot;java.nio.file.NoSuchFileException: create.sql&quot;; &quot;create.sql&quot;; SQL statement:
RUNSCRIPT FROM &#039;create.sql&#039; [90031-212]" type="java.lang.RuntimeException">
      <![CDATA[java.lang.RuntimeException: org.h2.jdbc.JdbcSQLNonTransientException: IO Exception: "java.nio.file.NoSuchFileException: create.sql"; "create.sql"
IO Exception: "java.nio.file.NoSuchFileException: create.sql"; "create.sql"; SQL statement:
RUNSCRIPT FROM 'create.sql' [90031-212]
at odontologos.dao.impl.OdontologoDaoH2.buscarTodos(OdontologoDaoH2.java:95)
at odontologos.service.OdontologoService.buscarTodos(OdontologoService.java:24)
at testService.OdontologoServiceTest.traerTodos(OdontologoServiceTest.java:26)
at java.base/jdk.internal.reflect.NativeMethodAccessorImpl.invoke0(Native Method)
at java.base/jdk.internal.reflect.NativeMethodAccessorImpl.invoke(NativeMethodAccessorImpl.java:77)
at java.base/jdk.internal.reflect.DelegatingMethodAccessorImpl.invoke(DelegatingMethodAccessorImpl.java:43)
at java.base/java.lang.reflect.Method.invoke(Method.java:568)
at org.testng.internal.invokers.MethodInvocationHelper.invokeMethod(MethodInvocationHelper.java:139)
at org.testng.internal.invokers.TestInvoker.invokeMethod(TestInvoker.java:677)
at org.testng.internal.invokers.TestInvoker.invokeTestMethod(TestInvoker.java:221)
at org.testng.internal.invokers.MethodRunner.runInSequence(MethodRunner.java:50)
at org.testng.internal.invokers.TestInvoker$MethodInvocationAgent.invoke(TestInvoker.java:962)
at org.testng.internal.invokers.TestInvoker.invokeTestMethods(TestInvoker.java:194)
at org.testng.internal.invokers.TestMethodWorker.invokeTestMethods(TestMethodWorker.java:148)
at org.testng.internal.invokers.TestMethodWorker.run(TestMethodWorker.java:128)
at java.base/java.util.ArrayList.forEach(ArrayList.java:1511)
at org.testng.TestRunner.privateRun(TestRunner.java:806)
at org.testng.TestRunner.run(TestRunner.java:601)
at org.testng.SuiteRunner.runTest(SuiteRunner.java:433)
at org.testng.SuiteRunner.runSequentially(SuiteRunner.java:427)
at org.testng.SuiteRunner.privateRun(SuiteRunner.java:387)
at org.testng.SuiteRunner.run(SuiteRunner.java:330)
at org.testng.SuiteRunnerWorker.runSuite(SuiteRunnerWorker.java:52)
at org.testng.SuiteRunnerWorker.run(SuiteRunnerWorker.java:95)
at org.testng.TestNG.runSuitesSequentially(TestNG.java:1256)
at org.testng.TestNG.runSuitesLocally(TestNG.java:1176)
at org.testng.TestNG.runSuites(TestNG.java:1099)
at org.testng.TestNG.run(TestNG.java:1067)
at org.apache.maven.surefire.testng.TestNGExecutor.run(TestNGExecutor.java:77)
at org.apache.maven.surefire.testng.TestNGDirectoryTestSuite.execute(TestNGDirectoryTestSuite.java:110)
at org.apache.maven.surefire.testng.TestNGProvider.invoke(TestNGProvider.java:106)
at java.base/jdk.internal.reflect.NativeMethodAccessorImpl.invoke0(Native Method)
at java.base/jdk.internal.reflect.NativeMethodAccessorImpl.invoke(NativeMethodAccessorImpl.java:77)
at java.base/jdk.internal.reflect.DelegatingMethodAccessorImpl.invoke(DelegatingMethodAccessorImpl.java:43)
at java.base/java.lang.reflect.Method.invoke(Method.java:568)
at org.apache.maven.surefire.util.ReflectionUtils.invokeMethodWithArray(ReflectionUtils.java:189)
at org.apache.maven.surefire.booter.ProviderFactory$ProviderProxy.invoke(ProviderFactory.java:165)
at org.apache.maven.surefire.booter.ProviderFactory.invokeProvider(ProviderFactory.java:85)
at org.apache.maven.surefire.booter.ForkedBooter.runSuitesInProcess(ForkedBooter.java:115)
at org.apache.maven.surefire.booter.ForkedBooter.main(ForkedBooter.java:75)
Caused by: org.h2.jdbc.JdbcSQLNonTransientException: IO Exception: "java.nio.file.NoSuchFileException: create.sql"; "create.sql"
IO Exception: "java.nio.file.NoSuchFileException: create.sql"; "create.sql"; SQL statement:
RUNSCRIPT FROM 'create.sql' [90031-212]
at org.h2.message.DbException.getJdbcSQLException(DbException.java:554)
at org.h2.message.DbException.getJdbcSQLException(DbException.java:477)
at org.h2.message.DbException.get(DbException.java:212)
at org.h2.message.DbException.convertIOException(DbException.java:442)
at org.h2.command.dml.ScriptBase.openInput(ScriptBase.java:170)
at org.h2.command.dml.RunScriptCommand.update(RunScriptCommand.java:52)
at org.h2.command.CommandContainer.update(CommandContainer.java:174)
at org.h2.command.Command.executeUpdate(Command.java:252)
at org.h2.engine.Engine.openSession(Engine.java:279)
at org.h2.engine.Engine.createSession(Engine.java:201)
at org.h2.engine.SessionRemote.connectEmbeddedOrServer(SessionRemote.java:338)
at org.h2.jdbc.JdbcConnection.<init>(JdbcConnection.java:122)
at org.h2.Driver.connect(Driver.java:59)
at java.sql/java.sql.DriverManager.getConnection(DriverManager.java:681)
at java.sql/java.sql.DriverManager.getConnection(DriverManager.java:229)
at odontologos.dao.impl.OdontologoDaoH2.buscarTodos(OdontologoDaoH2.java:71)
... 39 more
Caused by: java.nio.file.NoSuchFileException: create.sql
at java.base/sun.nio.fs.WindowsException.translateToIOException(WindowsException.java:85)
at java.base/sun.nio.fs.WindowsException.rethrowAsIOException(WindowsException.java:103)
at java.base/sun.nio.fs.WindowsException.rethrowAsIOException(WindowsException.java:108)
at java.base/sun.nio.fs.WindowsFileSystemProvider.newByteChannel(WindowsFileSystemProvider.java:236)
at java.base/java.nio.file.Files.newByteChannel(Files.java:380)
at java.base/java.nio.file.Files.newByteChannel(Files.java:432)
at java.base/java.nio.file.spi.FileSystemProvider.newInputStream(FileSystemProvider.java:422)
at java.base/java.nio.file.Files.newInputStream(Files.java:160)
at org.h2.store.fs.disk.FilePathDisk.newInputStream(FilePathDisk.java:399)
at org.h2.store.fs.FileUtils.newInputStream(FileUtils.java:277)
at org.h2.command.dml.ScriptBase.openInput(ScriptBase.java:168)
... 50 more
]]>
    </error>
  </testcase> <!-- traerTodos -->
  <system-out/>
  <testcase classname="testService.OdontologoServiceTest" name="guardarOdontologo" time="0.002"/>
  <system-out/>
</testsuite> <!-- testService.OdontologoServiceTest -->
